Analysis & Synthesis report for wrapper_alu
Tue May 30 23:39:39 2023
Quartus II 64-Bit Version 13.0.1 Build 232 06/12/2013 Service Pack 1 SJ Web Edition


---------------------
; Table of Contents ;
---------------------
  1. Legal Notice
  2. Analysis & Synthesis Summary
  3. Analysis & Synthesis Settings
  4. Parallel Compilation
  5. Analysis & Synthesis Source Files Read
  6. Analysis & Synthesis Resource Usage Summary
  7. Analysis & Synthesis Resource Utilization by Entity
  8. User-Specified and Inferred Latches
  9. Registers Removed During Synthesis
 10. General Register Statistics
 11. Inverted Register Statistics
 12. Multiplexer Restructuring Statistics (Restructuring Performed)
 13. Port Connectivity Checks: "design_alu:dut|alu:alu0|sqrt:sqrt"
 14. Elapsed Time Per Partition
 15. Analysis & Synthesis Messages



----------------
; Legal Notice ;
----------------
Copyright (C) 1991-2013 Altera Corporation
Your use of Altera Corporation's design tools, logic functions 
and other software and tools, and its AMPP partner logic 
functions, and any output files from any of the foregoing 
(including device programming or simulation files), and any 
associated documentation or information are expressly subject 
to the terms and conditions of the Altera Program License 
Subscription Agreement, Altera MegaCore Function License 
Agreement, or other applicable license agreement, including, 
without limitation, that your use is for the sole purpose of 
programming logic devices manufactured by Altera and sold by 
Altera or its authorized distributors.  Please refer to the 
applicable agreement for further details.



+--------------------------------------------------------------------------------------+
; Analysis & Synthesis Summary                                                         ;
+------------------------------------+-------------------------------------------------+
; Analysis & Synthesis Status        ; Successful - Tue May 30 23:39:38 2023           ;
; Quartus II 64-Bit Version          ; 13.0.1 Build 232 06/12/2013 SP 1 SJ Web Edition ;
; Revision Name                      ; wrapper_alu                                     ;
; Top-level Entity Name              ; wrapper_alu                                     ;
; Family                             ; Cyclone II                                      ;
; Total logic elements               ; 7,681                                           ;
;     Total combinational functions  ; 7,681                                           ;
;     Dedicated logic registers      ; 174                                             ;
; Total registers                    ; 174                                             ;
; Total pins                         ; 34                                              ;
; Total virtual pins                 ; 0                                               ;
; Total memory bits                  ; 0                                               ;
; Embedded Multiplier 9-bit elements ; 0                                               ;
; Total PLLs                         ; 0                                               ;
+------------------------------------+-------------------------------------------------+


+----------------------------------------------------------------------------------------------------------------------+
; Analysis & Synthesis Settings                                                                                        ;
+----------------------------------------------------------------------------+--------------------+--------------------+
; Option                                                                     ; Setting            ; Default Value      ;
+----------------------------------------------------------------------------+--------------------+--------------------+
; Device                                                                     ; EP2C35F672C6       ;                    ;
; Top-level entity name                                                      ; wrapper_alu        ; wrapper_alu        ;
; Family name                                                                ; Cyclone II         ; Cyclone IV GX      ;
; Use smart compilation                                                      ; Off                ; Off                ;
; Enable parallel Assembler and TimeQuest Timing Analyzer during compilation ; On                 ; On                 ;
; Enable compact report table                                                ; Off                ; Off                ;
; Restructure Multiplexers                                                   ; Auto               ; Auto               ;
; Create Debugging Nodes for IP Cores                                        ; Off                ; Off                ;
; Preserve fewer node names                                                  ; On                 ; On                 ;
; Disable OpenCore Plus hardware evaluation                                  ; Off                ; Off                ;
; Verilog Version                                                            ; Verilog_2001       ; Verilog_2001       ;
; VHDL Version                                                               ; VHDL_1993          ; VHDL_1993          ;
; State Machine Processing                                                   ; Auto               ; Auto               ;
; Safe State Machine                                                         ; Off                ; Off                ;
; Extract Verilog State Machines                                             ; On                 ; On                 ;
; Extract VHDL State Machines                                                ; On                 ; On                 ;
; Ignore Verilog initial constructs                                          ; Off                ; Off                ;
; Iteration limit for constant Verilog loops                                 ; 5000               ; 5000               ;
; Iteration limit for non-constant Verilog loops                             ; 250                ; 250                ;
; Add Pass-Through Logic to Inferred RAMs                                    ; On                 ; On                 ;
; Infer RAMs from Raw Logic                                                  ; On                 ; On                 ;
; Parallel Synthesis                                                         ; On                 ; On                 ;
; DSP Block Balancing                                                        ; Auto               ; Auto               ;
; NOT Gate Push-Back                                                         ; On                 ; On                 ;
; Power-Up Don't Care                                                        ; On                 ; On                 ;
; Remove Redundant Logic Cells                                               ; Off                ; Off                ;
; Remove Duplicate Registers                                                 ; On                 ; On                 ;
; Ignore CARRY Buffers                                                       ; Off                ; Off                ;
; Ignore CASCADE Buffers                                                     ; Off                ; Off                ;
; Ignore GLOBAL Buffers                                                      ; Off                ; Off                ;
; Ignore ROW GLOBAL Buffers                                                  ; Off                ; Off                ;
; Ignore LCELL Buffers                                                       ; Off                ; Off                ;
; Ignore SOFT Buffers                                                        ; On                 ; On                 ;
; Limit AHDL Integers to 32 Bits                                             ; Off                ; Off                ;
; Optimization Technique                                                     ; Balanced           ; Balanced           ;
; Carry Chain Length                                                         ; 70                 ; 70                 ;
; Auto Carry Chains                                                          ; On                 ; On                 ;
; Auto Open-Drain Pins                                                       ; On                 ; On                 ;
; Perform WYSIWYG Primitive Resynthesis                                      ; Off                ; Off                ;
; Auto ROM Replacement                                                       ; On                 ; On                 ;
; Auto RAM Replacement                                                       ; On                 ; On                 ;
; Auto Shift Register Replacement                                            ; Auto               ; Auto               ;
; Allow Shift Register Merging across Hierarchies                            ; Auto               ; Auto               ;
; Auto Clock Enable Replacement                                              ; On                 ; On                 ;
; Strict RAM Replacement                                                     ; Off                ; Off                ;
; Allow Synchronous Control Signals                                          ; On                 ; On                 ;
; Force Use of Synchronous Clear Signals                                     ; Off                ; Off                ;
; Auto RAM to Logic Cell Conversion                                          ; Off                ; Off                ;
; Auto Resource Sharing                                                      ; Off                ; Off                ;
; Allow Any RAM Size For Recognition                                         ; Off                ; Off                ;
; Allow Any ROM Size For Recognition                                         ; Off                ; Off                ;
; Allow Any Shift Register Size For Recognition                              ; Off                ; Off                ;
; Use LogicLock Constraints during Resource Balancing                        ; On                 ; On                 ;
; Ignore translate_off and synthesis_off directives                          ; Off                ; Off                ;
; Timing-Driven Synthesis                                                    ; Off                ; Off                ;
; Report Parameter Settings                                                  ; On                 ; On                 ;
; Report Source Assignments                                                  ; On                 ; On                 ;
; Report Connectivity Checks                                                 ; On                 ; On                 ;
; Ignore Maximum Fan-Out Assignments                                         ; Off                ; Off                ;
; Synchronization Register Chain Length                                      ; 2                  ; 2                  ;
; PowerPlay Power Optimization                                               ; Normal compilation ; Normal compilation ;
; HDL message level                                                          ; Level2             ; Level2             ;
; Suppress Register Optimization Related Messages                            ; Off                ; Off                ;
; Number of Removed Registers Reported in Synthesis Report                   ; 5000               ; 5000               ;
; Number of Swept Nodes Reported in Synthesis Report                         ; 5000               ; 5000               ;
; Number of Inverted Registers Reported in Synthesis Report                  ; 100                ; 100                ;
; Clock MUX Protection                                                       ; On                 ; On                 ;
; Auto Gated Clock Conversion                                                ; Off                ; Off                ;
; Block Design Naming                                                        ; Auto               ; Auto               ;
; SDC constraint protection                                                  ; Off                ; Off                ;
; Synthesis Effort                                                           ; Auto               ; Auto               ;
; Shift Register Replacement - Allow Asynchronous Clear Signal               ; On                 ; On                 ;
; Pre-Mapping Resynthesis Optimization                                       ; Off                ; Off                ;
; Analysis & Synthesis Message Level                                         ; Medium             ; Medium             ;
; Disable Register Merging Across Hierarchies                                ; Auto               ; Auto               ;
; Resource Aware Inference For Block RAM                                     ; On                 ; On                 ;
; Synthesis Seed                                                             ; 1                  ; 1                  ;
+----------------------------------------------------------------------------+--------------------+--------------------+


Parallel compilation was disabled, but you have multiple processors available. Enable parallel compilation to reduce compilation time.
+-------------------------------------+
; Parallel Compilation                ;
+----------------------------+--------+
; Processors                 ; Number ;
+----------------------------+--------+
; Number detected on machine ; 16     ;
; Maximum allowed            ; 1      ;
+----------------------------+--------+


+-------------------------------------------------------------------------------------------------------------------------------------+
; Analysis & Synthesis Source Files Read                                                                                              ;
+----------------------------------+-----------------+------------------------------+---------------------------------------+---------+
; File Name with User-Entered Path ; Used in Netlist ; File Type                    ; File Name with Absolute Path          ; Library ;
+----------------------------------+-----------------+------------------------------+---------------------------------------+---------+
; LCD.sv                           ; yes             ; User SystemVerilog HDL File  ; D:/HocTap/DA_1/Quartus/LCD.sv         ;         ;
; bin2dec.sv                       ; yes             ; User SystemVerilog HDL File  ; D:/HocTap/DA_1/Quartus/bin2dec.sv     ;         ;
; ../ALU_dut/sqrt.sv               ; yes             ; User SystemVerilog HDL File  ; D:/HocTap/DA_1/ALU_dut/sqrt.sv        ;         ;
; ../ALU_dut/multi.sv              ; yes             ; User SystemVerilog HDL File  ; D:/HocTap/DA_1/ALU_dut/multi.sv       ;         ;
; ../ALU_dut/log_e.sv              ; yes             ; User SystemVerilog HDL File  ; D:/HocTap/DA_1/ALU_dut/log_e.sv       ;         ;
; ../ALU_dut/divide.sv             ; yes             ; User SystemVerilog HDL File  ; D:/HocTap/DA_1/ALU_dut/divide.sv      ;         ;
; ../ALU_dut/alu.sv                ; yes             ; User SystemVerilog HDL File  ; D:/HocTap/DA_1/ALU_dut/alu.sv         ;         ;
; design_alu.sv                    ; yes             ; User SystemVerilog HDL File  ; D:/HocTap/DA_1/Quartus/design_alu.sv  ;         ;
; wrapper_alu.sv                   ; yes             ; User SystemVerilog HDL File  ; D:/HocTap/DA_1/Quartus/wrapper_alu.sv ;         ;
+----------------------------------+-----------------+------------------------------+---------------------------------------+---------+


+--------------------------------------------------------+
; Analysis & Synthesis Resource Usage Summary            ;
+---------------------------------------------+----------+
; Resource                                    ; Usage    ;
+---------------------------------------------+----------+
; Estimated Total logic elements              ; 7,681    ;
;                                             ;          ;
; Total combinational functions               ; 7681     ;
; Logic element usage by number of LUT inputs ;          ;
;     -- 4 input functions                    ; 2876     ;
;     -- 3 input functions                    ; 2046     ;
;     -- <=2 input functions                  ; 2759     ;
;                                             ;          ;
; Logic elements by mode                      ;          ;
;     -- normal mode                          ; 4445     ;
;     -- arithmetic mode                      ; 3236     ;
;                                             ;          ;
; Total registers                             ; 174      ;
;     -- Dedicated logic registers            ; 174      ;
;     -- I/O registers                        ; 0        ;
;                                             ;          ;
; I/O pins                                    ; 34       ;
; Embedded Multiplier 9-bit elements          ; 0        ;
; Maximum fan-out node                        ; CLOCK_50 ;
; Maximum fan-out                             ; 174      ;
; Total fan-out                               ; 23401    ;
; Average fan-out                             ; 2.97     ;
+---------------------------------------------+----------+


+-------------------------------------------------------------------------------------------------------------------------------------------------------------------------------------------------------------+
; Analysis & Synthesis Resource Utilization by Entity                                                                                                                                                         ;
+----------------------------+-------------------+--------------+-------------+--------------+---------+-----------+------+--------------+-----------------------------------------------------+--------------+
; Compilation Hierarchy Node ; LC Combinationals ; LC Registers ; Memory Bits ; DSP Elements ; DSP 9x9 ; DSP 18x18 ; Pins ; Virtual Pins ; Full Hierarchy Name                                 ; Library Name ;
+----------------------------+-------------------+--------------+-------------+--------------+---------+-----------+------+--------------+-----------------------------------------------------+--------------+
; |wrapper_alu               ; 7681 (0)          ; 174 (0)      ; 0           ; 0            ; 0       ; 0         ; 34   ; 0            ; |wrapper_alu                                        ; work         ;
;    |design_alu:dut|        ; 7681 (36)         ; 174 (0)      ; 0           ; 0            ; 0       ; 0         ; 0    ; 0            ; |wrapper_alu|design_alu:dut                         ; work         ;
;       |LCD:LCD|            ; 280 (280)         ; 174 (174)    ; 0           ; 0            ; 0       ; 0         ; 0    ; 0            ; |wrapper_alu|design_alu:dut|LCD:LCD                 ; work         ;
;       |alu:alu0|           ; 2568 (328)        ; 0 (0)        ; 0           ; 0            ; 0       ; 0         ; 0    ; 0            ; |wrapper_alu|design_alu:dut|alu:alu0                ; work         ;
;          |divide:divide0|  ; 881 (881)         ; 0 (0)        ; 0           ; 0            ; 0       ; 0         ; 0    ; 0            ; |wrapper_alu|design_alu:dut|alu:alu0|divide:divide0 ; work         ;
;          |log_e:log_e0|    ; 555 (555)         ; 0 (0)        ; 0           ; 0            ; 0       ; 0         ; 0    ; 0            ; |wrapper_alu|design_alu:dut|alu:alu0|log_e:log_e0   ; work         ;
;          |multi:multi0|    ; 568 (568)         ; 0 (0)        ; 0           ; 0            ; 0       ; 0         ; 0    ; 0            ; |wrapper_alu|design_alu:dut|alu:alu0|multi:multi0   ; work         ;
;          |sqrt:sqrt|       ; 236 (236)         ; 0 (0)        ; 0           ; 0            ; 0       ; 0         ; 0    ; 0            ; |wrapper_alu|design_alu:dut|alu:alu0|sqrt:sqrt      ; work         ;
;       |bin2dec:bin2dec0|   ; 1187 (1187)       ; 0 (0)        ; 0           ; 0            ; 0       ; 0         ; 0    ; 0            ; |wrapper_alu|design_alu:dut|bin2dec:bin2dec0        ; work         ;
;       |bin2dec:bin2dec1|   ; 1186 (1186)       ; 0 (0)        ; 0           ; 0            ; 0       ; 0         ; 0    ; 0            ; |wrapper_alu|design_alu:dut|bin2dec:bin2dec1        ; work         ;
;       |bin2dec:bin2dec2|   ; 1223 (1223)       ; 0 (0)        ; 0           ; 0            ; 0       ; 0         ; 0    ; 0            ; |wrapper_alu|design_alu:dut|bin2dec:bin2dec2        ; work         ;
;       |bin2dec:bin2dec3|   ; 1201 (1201)       ; 0 (0)        ; 0           ; 0            ; 0       ; 0         ; 0    ; 0            ; |wrapper_alu|design_alu:dut|bin2dec:bin2dec3        ; work         ;
+----------------------------+-------------------+--------------+-------------+--------------+---------+-----------+------+--------------+-----------------------------------------------------+--------------+
Note: For table entries with two numbers listed, the numbers in parentheses indicate the number of resources of the given type used by the specific entity alone. The numbers listed outside of parentheses indicate the total resources of the given type used by the specific entity and all of its sub-entities in the hierarchy.


+-------------------------------------------------------------------------------------------------------------------------------+
; User-Specified and Inferred Latches                                                                                           ;
+-----------------------------------------------------+------------------------------------------------+------------------------+
; Latch Name                                          ; Latch Enable Signal                            ; Free of Timing Hazards ;
+-----------------------------------------------------+------------------------------------------------+------------------------+
; design_alu:dut|A[4]                                 ; KEY[0]                                         ; yes                    ;
; design_alu:dut|A[3]                                 ; KEY[0]                                         ; yes                    ;
; design_alu:dut|A[2]                                 ; KEY[0]                                         ; yes                    ;
; design_alu:dut|A[1]                                 ; KEY[0]                                         ; yes                    ;
; design_alu:dut|A[0]                                 ; KEY[0]                                         ; yes                    ;
; design_alu:dut|A[15]                                ; KEY[0]                                         ; yes                    ;
; design_alu:dut|A[5]                                 ; KEY[0]                                         ; yes                    ;
; design_alu:dut|A[6]                                 ; KEY[0]                                         ; yes                    ;
; design_alu:dut|A[7]                                 ; KEY[0]                                         ; yes                    ;
; design_alu:dut|A[8]                                 ; KEY[0]                                         ; yes                    ;
; design_alu:dut|A[9]                                 ; KEY[0]                                         ; yes                    ;
; design_alu:dut|A[10]                                ; KEY[0]                                         ; yes                    ;
; design_alu:dut|A[11]                                ; KEY[0]                                         ; yes                    ;
; design_alu:dut|A[12]                                ; KEY[0]                                         ; yes                    ;
; design_alu:dut|A[13]                                ; KEY[0]                                         ; yes                    ;
; design_alu:dut|A[14]                                ; KEY[0]                                         ; yes                    ;
; design_alu:dut|B[0]                                 ; KEY[1]                                         ; yes                    ;
; design_alu:dut|B[1]                                 ; KEY[1]                                         ; yes                    ;
; design_alu:dut|B[2]                                 ; KEY[1]                                         ; yes                    ;
; design_alu:dut|C[1]                                 ; KEY[2]                                         ; yes                    ;
; design_alu:dut|C[0]                                 ; KEY[2]                                         ; yes                    ;
; design_alu:dut|B[15]                                ; KEY[1]                                         ; yes                    ;
; design_alu:dut|B[3]                                 ; KEY[1]                                         ; yes                    ;
; design_alu:dut|C[2]                                 ; KEY[2]                                         ; yes                    ;
; design_alu:dut|B[14]                                ; KEY[1]                                         ; yes                    ;
; design_alu:dut|B[13]                                ; KEY[1]                                         ; yes                    ;
; design_alu:dut|B[12]                                ; KEY[1]                                         ; yes                    ;
; design_alu:dut|B[11]                                ; KEY[1]                                         ; yes                    ;
; design_alu:dut|B[10]                                ; KEY[1]                                         ; yes                    ;
; design_alu:dut|B[9]                                 ; KEY[1]                                         ; yes                    ;
; design_alu:dut|B[8]                                 ; KEY[1]                                         ; yes                    ;
; design_alu:dut|B[7]                                 ; KEY[1]                                         ; yes                    ;
; design_alu:dut|B[6]                                 ; KEY[1]                                         ; yes                    ;
; design_alu:dut|B[5]                                 ; KEY[1]                                         ; yes                    ;
; design_alu:dut|B[4]                                 ; KEY[1]                                         ; yes                    ;
; design_alu:dut|C[3]                                 ; KEY[2]                                         ; yes                    ;
; design_alu:dut|alu:alu0|divide:divide0|Quo[15]      ; design_alu:dut|alu:alu0|divide:divide0|Quo[15] ; yes                    ;
; design_alu:dut|alu:alu0|divide:divide0|Quo[0]       ; design_alu:dut|alu:alu0|divide:divide0|Quo[15] ; yes                    ;
; design_alu:dut|alu:alu0|divide:divide0|Quo[2]       ; design_alu:dut|alu:alu0|divide:divide0|Quo[15] ; yes                    ;
; design_alu:dut|alu:alu0|divide:divide0|Quo[1]       ; design_alu:dut|alu:alu0|divide:divide0|Quo[15] ; yes                    ;
; design_alu:dut|alu:alu0|divide:divide0|Quo[4]       ; design_alu:dut|alu:alu0|divide:divide0|Quo[15] ; yes                    ;
; design_alu:dut|alu:alu0|divide:divide0|Quo[3]       ; design_alu:dut|alu:alu0|divide:divide0|Quo[15] ; yes                    ;
; design_alu:dut|alu:alu0|divide:divide0|Quo[5]       ; design_alu:dut|alu:alu0|divide:divide0|Quo[15] ; yes                    ;
; design_alu:dut|alu:alu0|divide:divide0|Quo[6]       ; design_alu:dut|alu:alu0|divide:divide0|Quo[15] ; yes                    ;
; design_alu:dut|alu:alu0|divide:divide0|Quo[7]       ; design_alu:dut|alu:alu0|divide:divide0|Quo[15] ; yes                    ;
; design_alu:dut|alu:alu0|divide:divide0|Quo[8]       ; design_alu:dut|alu:alu0|divide:divide0|Quo[15] ; yes                    ;
; design_alu:dut|alu:alu0|divide:divide0|Quo[9]       ; design_alu:dut|alu:alu0|divide:divide0|Quo[15] ; yes                    ;
; design_alu:dut|alu:alu0|divide:divide0|Quo[10]      ; design_alu:dut|alu:alu0|divide:divide0|Quo[15] ; yes                    ;
; design_alu:dut|alu:alu0|divide:divide0|Quo[11]      ; design_alu:dut|alu:alu0|divide:divide0|Quo[15] ; yes                    ;
; design_alu:dut|alu:alu0|divide:divide0|Quo[12]      ; design_alu:dut|alu:alu0|divide:divide0|Quo[15] ; yes                    ;
; design_alu:dut|alu:alu0|divide:divide0|Quo[13]      ; design_alu:dut|alu:alu0|divide:divide0|Quo[15] ; yes                    ;
; design_alu:dut|alu:alu0|divide:divide0|Quo[14]      ; design_alu:dut|alu:alu0|divide:divide0|Quo[15] ; yes                    ;
; design_alu:dut|alu:alu0|divide:divide0|Rem[15]      ; design_alu:dut|alu:alu0|divide:divide0|Quo[15] ; yes                    ;
; design_alu:dut|alu:alu0|divide:divide0|Rem[2]       ; design_alu:dut|alu:alu0|divide:divide0|Quo[15] ; yes                    ;
; design_alu:dut|alu:alu0|divide:divide0|Rem[1]       ; design_alu:dut|alu:alu0|divide:divide0|Quo[15] ; yes                    ;
; design_alu:dut|alu:alu0|divide:divide0|Rem[0]       ; design_alu:dut|alu:alu0|divide:divide0|Quo[15] ; yes                    ;
; design_alu:dut|alu:alu0|divide:divide0|Rem[4]       ; design_alu:dut|alu:alu0|divide:divide0|Quo[15] ; yes                    ;
; design_alu:dut|alu:alu0|divide:divide0|Rem[3]       ; design_alu:dut|alu:alu0|divide:divide0|Quo[15] ; yes                    ;
; design_alu:dut|alu:alu0|divide:divide0|Rem[5]       ; design_alu:dut|alu:alu0|divide:divide0|Quo[15] ; yes                    ;
; design_alu:dut|alu:alu0|divide:divide0|Rem[6]       ; design_alu:dut|alu:alu0|divide:divide0|Quo[15] ; yes                    ;
; design_alu:dut|alu:alu0|divide:divide0|Rem[7]       ; design_alu:dut|alu:alu0|divide:divide0|Quo[15] ; yes                    ;
; design_alu:dut|alu:alu0|divide:divide0|Rem[8]       ; design_alu:dut|alu:alu0|divide:divide0|Quo[15] ; yes                    ;
; design_alu:dut|alu:alu0|divide:divide0|Rem[9]       ; design_alu:dut|alu:alu0|divide:divide0|Quo[15] ; yes                    ;
; design_alu:dut|alu:alu0|divide:divide0|Rem[10]      ; design_alu:dut|alu:alu0|divide:divide0|Quo[15] ; yes                    ;
; design_alu:dut|alu:alu0|divide:divide0|Rem[11]      ; design_alu:dut|alu:alu0|divide:divide0|Quo[15] ; yes                    ;
; design_alu:dut|alu:alu0|divide:divide0|Rem[12]      ; design_alu:dut|alu:alu0|divide:divide0|Quo[15] ; yes                    ;
; design_alu:dut|alu:alu0|divide:divide0|Rem[13]      ; design_alu:dut|alu:alu0|divide:divide0|Quo[15] ; yes                    ;
; design_alu:dut|alu:alu0|divide:divide0|Rem[14]      ; design_alu:dut|alu:alu0|divide:divide0|Quo[15] ; yes                    ;
; Number of user-specified and inferred latches = 68  ;                                                ;                        ;
+-----------------------------------------------------+------------------------------------------------+------------------------+
Note: All latches listed above may not be present at the end of synthesis due to various synthesis optimizations.


+-------------------------------------------------------------------------------------------+
; Registers Removed During Synthesis                                                        ;
+-----------------------------------------+-------------------------------------------------+
; Register name                           ; Reason for Removal                              ;
+-----------------------------------------+-------------------------------------------------+
; design_alu:dut|LCD:LCD|Datas[31][1]     ; Stuck at GND due to stuck port data_in          ;
; design_alu:dut|LCD:LCD|Datas[31][4]     ; Stuck at GND due to stuck port data_in          ;
; design_alu:dut|LCD:LCD|Datas[30][0]     ; Stuck at VCC due to stuck port data_in          ;
; design_alu:dut|LCD:LCD|Datas[30][1]     ; Stuck at VCC due to stuck port data_in          ;
; design_alu:dut|LCD:LCD|Datas[30][2]     ; Stuck at GND due to stuck port data_in          ;
; design_alu:dut|LCD:LCD|Datas[30][3]     ; Stuck at VCC due to stuck port data_in          ;
; design_alu:dut|LCD:LCD|Datas[30][4]     ; Stuck at VCC due to stuck port data_in          ;
; design_alu:dut|LCD:LCD|Datas[30][5]     ; Stuck at VCC due to stuck port data_in          ;
; design_alu:dut|LCD:LCD|Datas[30][6]     ; Stuck at GND due to stuck port data_in          ;
; design_alu:dut|LCD:LCD|Datas[30][7]     ; Stuck at GND due to stuck port data_in          ;
; design_alu:dut|LCD:LCD|Datas[24][1]     ; Stuck at GND due to stuck port data_in          ;
; design_alu:dut|LCD:LCD|Datas[24][4]     ; Stuck at GND due to stuck port data_in          ;
; design_alu:dut|LCD:LCD|Datas[23][0]     ; Stuck at VCC due to stuck port data_in          ;
; design_alu:dut|LCD:LCD|Datas[23][1]     ; Stuck at GND due to stuck port data_in          ;
; design_alu:dut|LCD:LCD|Datas[23][2]     ; Stuck at VCC due to stuck port data_in          ;
; design_alu:dut|LCD:LCD|Datas[23][3]     ; Stuck at VCC due to stuck port data_in          ;
; design_alu:dut|LCD:LCD|Datas[23][4]     ; Stuck at VCC due to stuck port data_in          ;
; design_alu:dut|LCD:LCD|Datas[23][5]     ; Stuck at VCC due to stuck port data_in          ;
; design_alu:dut|LCD:LCD|Datas[23][6]     ; Stuck at GND due to stuck port data_in          ;
; design_alu:dut|LCD:LCD|Datas[23][7]     ; Stuck at GND due to stuck port data_in          ;
; design_alu:dut|LCD:LCD|Datas[22][0]     ; Stuck at GND due to stuck port data_in          ;
; design_alu:dut|LCD:LCD|Datas[22][1]     ; Stuck at VCC due to stuck port data_in          ;
; design_alu:dut|LCD:LCD|Datas[22][2]     ; Stuck at GND due to stuck port data_in          ;
; design_alu:dut|LCD:LCD|Datas[22][3]     ; Stuck at GND due to stuck port data_in          ;
; design_alu:dut|LCD:LCD|Datas[22][4]     ; Stuck at GND due to stuck port data_in          ;
; design_alu:dut|LCD:LCD|Datas[22][5]     ; Stuck at GND due to stuck port data_in          ;
; design_alu:dut|LCD:LCD|Datas[22][6]     ; Stuck at VCC due to stuck port data_in          ;
; design_alu:dut|LCD:LCD|Datas[22][7]     ; Stuck at GND due to stuck port data_in          ;
; design_alu:dut|LCD:LCD|Datas[21][0]     ; Stuck at GND due to stuck port data_in          ;
; design_alu:dut|LCD:LCD|Datas[21][1]     ; Stuck at GND due to stuck port data_in          ;
; design_alu:dut|LCD:LCD|Datas[21][2]     ; Stuck at GND due to stuck port data_in          ;
; design_alu:dut|LCD:LCD|Datas[21][3]     ; Stuck at GND due to stuck port data_in          ;
; design_alu:dut|LCD:LCD|Datas[21][4]     ; Stuck at GND due to stuck port data_in          ;
; design_alu:dut|LCD:LCD|Datas[21][5]     ; Stuck at GND due to stuck port data_in          ;
; design_alu:dut|LCD:LCD|Datas[21][6]     ; Stuck at VCC due to stuck port data_in          ;
; design_alu:dut|LCD:LCD|Datas[21][7]     ; Stuck at VCC due to stuck port data_in          ;
; design_alu:dut|LCD:LCD|Datas[15][1]     ; Stuck at GND due to stuck port data_in          ;
; design_alu:dut|LCD:LCD|Datas[15][4]     ; Stuck at GND due to stuck port data_in          ;
; design_alu:dut|LCD:LCD|Datas[14][0]     ; Stuck at VCC due to stuck port data_in          ;
; design_alu:dut|LCD:LCD|Datas[14][1]     ; Stuck at VCC due to stuck port data_in          ;
; design_alu:dut|LCD:LCD|Datas[14][2]     ; Stuck at GND due to stuck port data_in          ;
; design_alu:dut|LCD:LCD|Datas[14][3]     ; Stuck at VCC due to stuck port data_in          ;
; design_alu:dut|LCD:LCD|Datas[14][4]     ; Stuck at VCC due to stuck port data_in          ;
; design_alu:dut|LCD:LCD|Datas[14][5]     ; Stuck at VCC due to stuck port data_in          ;
; design_alu:dut|LCD:LCD|Datas[14][6]     ; Stuck at GND due to stuck port data_in          ;
; design_alu:dut|LCD:LCD|Datas[14][7]     ; Stuck at GND due to stuck port data_in          ;
; design_alu:dut|LCD:LCD|Datas[8][1]      ; Stuck at GND due to stuck port data_in          ;
; design_alu:dut|LCD:LCD|Datas[8][4]      ; Stuck at GND due to stuck port data_in          ;
; design_alu:dut|LCD:LCD|Datas[7][0]      ; Stuck at VCC due to stuck port data_in          ;
; design_alu:dut|LCD:LCD|Datas[7][1]      ; Stuck at GND due to stuck port data_in          ;
; design_alu:dut|LCD:LCD|Datas[7][2]      ; Stuck at VCC due to stuck port data_in          ;
; design_alu:dut|LCD:LCD|Datas[7][3]      ; Stuck at VCC due to stuck port data_in          ;
; design_alu:dut|LCD:LCD|Datas[7][4]      ; Stuck at VCC due to stuck port data_in          ;
; design_alu:dut|LCD:LCD|Datas[7][5]      ; Stuck at VCC due to stuck port data_in          ;
; design_alu:dut|LCD:LCD|Datas[7][6]      ; Stuck at GND due to stuck port data_in          ;
; design_alu:dut|LCD:LCD|Datas[7][7]      ; Stuck at GND due to stuck port data_in          ;
; design_alu:dut|LCD:LCD|Datas[6][0]      ; Stuck at VCC due to stuck port data_in          ;
; design_alu:dut|LCD:LCD|Datas[6][1]      ; Stuck at GND due to stuck port data_in          ;
; design_alu:dut|LCD:LCD|Datas[6][2]      ; Stuck at GND due to stuck port data_in          ;
; design_alu:dut|LCD:LCD|Datas[6][3]      ; Stuck at GND due to stuck port data_in          ;
; design_alu:dut|LCD:LCD|Datas[6][4]      ; Stuck at GND due to stuck port data_in          ;
; design_alu:dut|LCD:LCD|Datas[6][5]      ; Stuck at GND due to stuck port data_in          ;
; design_alu:dut|LCD:LCD|Datas[6][6]      ; Stuck at VCC due to stuck port data_in          ;
; design_alu:dut|LCD:LCD|Datas[6][7]      ; Stuck at GND due to stuck port data_in          ;
; design_alu:dut|LCD:LCD|Datas[5][0]      ; Stuck at GND due to stuck port data_in          ;
; design_alu:dut|LCD:LCD|Datas[5][1]      ; Stuck at GND due to stuck port data_in          ;
; design_alu:dut|LCD:LCD|Datas[5][2]      ; Stuck at GND due to stuck port data_in          ;
; design_alu:dut|LCD:LCD|Datas[5][3]      ; Stuck at GND due to stuck port data_in          ;
; design_alu:dut|LCD:LCD|Datas[5][4]      ; Stuck at GND due to stuck port data_in          ;
; design_alu:dut|LCD:LCD|Datas[5][5]      ; Stuck at GND due to stuck port data_in          ;
; design_alu:dut|LCD:LCD|Datas[5][6]      ; Stuck at GND due to stuck port data_in          ;
; design_alu:dut|LCD:LCD|Datas[5][7]      ; Stuck at VCC due to stuck port data_in          ;
; design_alu:dut|LCD:LCD|Datas[4][0]      ; Stuck at VCC due to stuck port data_in          ;
; design_alu:dut|LCD:LCD|Datas[4][1]      ; Stuck at GND due to stuck port data_in          ;
; design_alu:dut|LCD:LCD|Datas[4][2]      ; Stuck at GND due to stuck port data_in          ;
; design_alu:dut|LCD:LCD|Datas[4][3]      ; Stuck at GND due to stuck port data_in          ;
; design_alu:dut|LCD:LCD|Datas[4][4]      ; Stuck at GND due to stuck port data_in          ;
; design_alu:dut|LCD:LCD|Datas[4][5]      ; Stuck at GND due to stuck port data_in          ;
; design_alu:dut|LCD:LCD|Datas[4][6]      ; Stuck at GND due to stuck port data_in          ;
; design_alu:dut|LCD:LCD|Datas[4][7]      ; Stuck at GND due to stuck port data_in          ;
; design_alu:dut|LCD:LCD|Datas[3][0]      ; Stuck at GND due to stuck port data_in          ;
; design_alu:dut|LCD:LCD|Datas[3][1]      ; Stuck at VCC due to stuck port data_in          ;
; design_alu:dut|LCD:LCD|Datas[3][2]      ; Stuck at VCC due to stuck port data_in          ;
; design_alu:dut|LCD:LCD|Datas[3][3]      ; Stuck at GND due to stuck port data_in          ;
; design_alu:dut|LCD:LCD|Datas[3][4]      ; Stuck at GND due to stuck port data_in          ;
; design_alu:dut|LCD:LCD|Datas[3][5]      ; Stuck at GND due to stuck port data_in          ;
; design_alu:dut|LCD:LCD|Datas[3][6]      ; Stuck at GND due to stuck port data_in          ;
; design_alu:dut|LCD:LCD|Datas[3][7]      ; Stuck at GND due to stuck port data_in          ;
; design_alu:dut|LCD:LCD|Datas[2][0]      ; Stuck at GND due to stuck port data_in          ;
; design_alu:dut|LCD:LCD|Datas[2][1]      ; Stuck at GND due to stuck port data_in          ;
; design_alu:dut|LCD:LCD|Datas[2][2]      ; Stuck at VCC due to stuck port data_in          ;
; design_alu:dut|LCD:LCD|Datas[2][3]      ; Stuck at VCC due to stuck port data_in          ;
; design_alu:dut|LCD:LCD|Datas[2][4]      ; Stuck at GND due to stuck port data_in          ;
; design_alu:dut|LCD:LCD|Datas[2][5]      ; Stuck at GND due to stuck port data_in          ;
; design_alu:dut|LCD:LCD|Datas[2][6]      ; Stuck at GND due to stuck port data_in          ;
; design_alu:dut|LCD:LCD|Datas[2][7]      ; Stuck at GND due to stuck port data_in          ;
; design_alu:dut|LCD:LCD|Datas[1][0]      ; Stuck at GND due to stuck port data_in          ;
; design_alu:dut|LCD:LCD|Datas[1][1]      ; Stuck at GND due to stuck port data_in          ;
; design_alu:dut|LCD:LCD|Datas[1][2]      ; Stuck at GND due to stuck port data_in          ;
; design_alu:dut|LCD:LCD|Datas[1][3]      ; Stuck at VCC due to stuck port data_in          ;
; design_alu:dut|LCD:LCD|Datas[1][4]      ; Stuck at VCC due to stuck port data_in          ;
; design_alu:dut|LCD:LCD|Datas[1][5]      ; Stuck at VCC due to stuck port data_in          ;
; design_alu:dut|LCD:LCD|Datas[1][6]      ; Stuck at GND due to stuck port data_in          ;
; design_alu:dut|LCD:LCD|Datas[1][7]      ; Stuck at GND due to stuck port data_in          ;
; design_alu:dut|LCD:LCD|lcd_rw           ; Stuck at GND due to stuck port data_in          ;
; design_alu:dut|LCD:LCD|lcd_on           ; Stuck at VCC due to stuck port data_in          ;
; design_alu:dut|LCD:LCD|lcd_blon         ; Stuck at VCC due to stuck port data_in          ;
; design_alu:dut|LCD:LCD|Datas[35][4]     ; Stuck at VCC due to stuck port data_in          ;
; design_alu:dut|LCD:LCD|Datas[35][5]     ; Stuck at VCC due to stuck port data_in          ;
; design_alu:dut|LCD:LCD|Datas[35][6]     ; Stuck at GND due to stuck port data_in          ;
; design_alu:dut|LCD:LCD|Datas[35][7]     ; Stuck at GND due to stuck port data_in          ;
; design_alu:dut|LCD:LCD|Datas[34][4]     ; Stuck at VCC due to stuck port data_in          ;
; design_alu:dut|LCD:LCD|Datas[34][5]     ; Stuck at VCC due to stuck port data_in          ;
; design_alu:dut|LCD:LCD|Datas[34][6]     ; Stuck at GND due to stuck port data_in          ;
; design_alu:dut|LCD:LCD|Datas[34][7]     ; Stuck at GND due to stuck port data_in          ;
; design_alu:dut|LCD:LCD|Datas[33][4]     ; Stuck at VCC due to stuck port data_in          ;
; design_alu:dut|LCD:LCD|Datas[33][5]     ; Stuck at VCC due to stuck port data_in          ;
; design_alu:dut|LCD:LCD|Datas[33][6]     ; Stuck at GND due to stuck port data_in          ;
; design_alu:dut|LCD:LCD|Datas[33][7]     ; Stuck at GND due to stuck port data_in          ;
; design_alu:dut|LCD:LCD|Datas[32][4]     ; Stuck at VCC due to stuck port data_in          ;
; design_alu:dut|LCD:LCD|Datas[32][5]     ; Stuck at VCC due to stuck port data_in          ;
; design_alu:dut|LCD:LCD|Datas[32][6]     ; Stuck at GND due to stuck port data_in          ;
; design_alu:dut|LCD:LCD|Datas[32][7]     ; Stuck at GND due to stuck port data_in          ;
; design_alu:dut|LCD:LCD|Datas[31][5]     ; Stuck at VCC due to stuck port data_in          ;
; design_alu:dut|LCD:LCD|Datas[31][6]     ; Stuck at GND due to stuck port data_in          ;
; design_alu:dut|LCD:LCD|Datas[31][7]     ; Stuck at GND due to stuck port data_in          ;
; design_alu:dut|LCD:LCD|Datas[28][4]     ; Stuck at VCC due to stuck port data_in          ;
; design_alu:dut|LCD:LCD|Datas[28][5]     ; Stuck at VCC due to stuck port data_in          ;
; design_alu:dut|LCD:LCD|Datas[28][6]     ; Stuck at GND due to stuck port data_in          ;
; design_alu:dut|LCD:LCD|Datas[28][7]     ; Stuck at GND due to stuck port data_in          ;
; design_alu:dut|LCD:LCD|Datas[27][4]     ; Stuck at VCC due to stuck port data_in          ;
; design_alu:dut|LCD:LCD|Datas[27][5]     ; Stuck at VCC due to stuck port data_in          ;
; design_alu:dut|LCD:LCD|Datas[27][6]     ; Stuck at GND due to stuck port data_in          ;
; design_alu:dut|LCD:LCD|Datas[27][7]     ; Stuck at GND due to stuck port data_in          ;
; design_alu:dut|LCD:LCD|Datas[26][4]     ; Stuck at VCC due to stuck port data_in          ;
; design_alu:dut|LCD:LCD|Datas[26][5]     ; Stuck at VCC due to stuck port data_in          ;
; design_alu:dut|LCD:LCD|Datas[26][6]     ; Stuck at GND due to stuck port data_in          ;
; design_alu:dut|LCD:LCD|Datas[26][7]     ; Stuck at GND due to stuck port data_in          ;
; design_alu:dut|LCD:LCD|Datas[25][4]     ; Stuck at VCC due to stuck port data_in          ;
; design_alu:dut|LCD:LCD|Datas[25][5]     ; Stuck at VCC due to stuck port data_in          ;
; design_alu:dut|LCD:LCD|Datas[25][6]     ; Stuck at GND due to stuck port data_in          ;
; design_alu:dut|LCD:LCD|Datas[25][7]     ; Stuck at GND due to stuck port data_in          ;
; design_alu:dut|LCD:LCD|Datas[24][5]     ; Stuck at VCC due to stuck port data_in          ;
; design_alu:dut|LCD:LCD|Datas[24][6]     ; Stuck at GND due to stuck port data_in          ;
; design_alu:dut|LCD:LCD|Datas[24][7]     ; Stuck at GND due to stuck port data_in          ;
; design_alu:dut|LCD:LCD|Datas[19][4]     ; Stuck at VCC due to stuck port data_in          ;
; design_alu:dut|LCD:LCD|Datas[19][5]     ; Stuck at VCC due to stuck port data_in          ;
; design_alu:dut|LCD:LCD|Datas[19][6]     ; Stuck at GND due to stuck port data_in          ;
; design_alu:dut|LCD:LCD|Datas[19][7]     ; Stuck at GND due to stuck port data_in          ;
; design_alu:dut|LCD:LCD|Datas[18][4]     ; Stuck at VCC due to stuck port data_in          ;
; design_alu:dut|LCD:LCD|Datas[18][5]     ; Stuck at VCC due to stuck port data_in          ;
; design_alu:dut|LCD:LCD|Datas[18][6]     ; Stuck at GND due to stuck port data_in          ;
; design_alu:dut|LCD:LCD|Datas[18][7]     ; Stuck at GND due to stuck port data_in          ;
; design_alu:dut|LCD:LCD|Datas[17][4]     ; Stuck at VCC due to stuck port data_in          ;
; design_alu:dut|LCD:LCD|Datas[17][5]     ; Stuck at VCC due to stuck port data_in          ;
; design_alu:dut|LCD:LCD|Datas[17][6]     ; Stuck at GND due to stuck port data_in          ;
; design_alu:dut|LCD:LCD|Datas[17][7]     ; Stuck at GND due to stuck port data_in          ;
; design_alu:dut|LCD:LCD|Datas[16][4]     ; Stuck at VCC due to stuck port data_in          ;
; design_alu:dut|LCD:LCD|Datas[16][5]     ; Stuck at VCC due to stuck port data_in          ;
; design_alu:dut|LCD:LCD|Datas[16][6]     ; Stuck at GND due to stuck port data_in          ;
; design_alu:dut|LCD:LCD|Datas[16][7]     ; Stuck at GND due to stuck port data_in          ;
; design_alu:dut|LCD:LCD|Datas[15][5]     ; Stuck at VCC due to stuck port data_in          ;
; design_alu:dut|LCD:LCD|Datas[15][6]     ; Stuck at GND due to stuck port data_in          ;
; design_alu:dut|LCD:LCD|Datas[15][7]     ; Stuck at GND due to stuck port data_in          ;
; design_alu:dut|LCD:LCD|Datas[12][4]     ; Stuck at VCC due to stuck port data_in          ;
; design_alu:dut|LCD:LCD|Datas[12][5]     ; Stuck at VCC due to stuck port data_in          ;
; design_alu:dut|LCD:LCD|Datas[12][6]     ; Stuck at GND due to stuck port data_in          ;
; design_alu:dut|LCD:LCD|Datas[12][7]     ; Stuck at GND due to stuck port data_in          ;
; design_alu:dut|LCD:LCD|Datas[11][4]     ; Stuck at VCC due to stuck port data_in          ;
; design_alu:dut|LCD:LCD|Datas[11][5]     ; Stuck at VCC due to stuck port data_in          ;
; design_alu:dut|LCD:LCD|Datas[11][6]     ; Stuck at GND due to stuck port data_in          ;
; design_alu:dut|LCD:LCD|Datas[11][7]     ; Stuck at GND due to stuck port data_in          ;
; design_alu:dut|LCD:LCD|Datas[10][4]     ; Stuck at VCC due to stuck port data_in          ;
; design_alu:dut|LCD:LCD|Datas[10][5]     ; Stuck at VCC due to stuck port data_in          ;
; design_alu:dut|LCD:LCD|Datas[10][6]     ; Stuck at GND due to stuck port data_in          ;
; design_alu:dut|LCD:LCD|Datas[10][7]     ; Stuck at GND due to stuck port data_in          ;
; design_alu:dut|LCD:LCD|Datas[9][4]      ; Stuck at VCC due to stuck port data_in          ;
; design_alu:dut|LCD:LCD|Datas[9][5]      ; Stuck at VCC due to stuck port data_in          ;
; design_alu:dut|LCD:LCD|Datas[9][6]      ; Stuck at GND due to stuck port data_in          ;
; design_alu:dut|LCD:LCD|Datas[9][7]      ; Stuck at GND due to stuck port data_in          ;
; design_alu:dut|LCD:LCD|Datas[8][5]      ; Stuck at VCC due to stuck port data_in          ;
; design_alu:dut|LCD:LCD|Datas[8][6]      ; Stuck at GND due to stuck port data_in          ;
; design_alu:dut|LCD:LCD|Datas[8][7]      ; Stuck at GND due to stuck port data_in          ;
; design_alu:dut|LCD:LCD|Datas[31][3]     ; Merged with design_alu:dut|LCD:LCD|Datas[31][0] ;
; design_alu:dut|LCD:LCD|Datas[31][2]     ; Merged with design_alu:dut|LCD:LCD|Datas[31][0] ;
; design_alu:dut|LCD:LCD|Datas[24][3]     ; Merged with design_alu:dut|LCD:LCD|Datas[24][0] ;
; design_alu:dut|LCD:LCD|Datas[24][2]     ; Merged with design_alu:dut|LCD:LCD|Datas[24][0] ;
; design_alu:dut|LCD:LCD|Datas[15][3]     ; Merged with design_alu:dut|LCD:LCD|Datas[15][0] ;
; design_alu:dut|LCD:LCD|Datas[15][2]     ; Merged with design_alu:dut|LCD:LCD|Datas[15][0] ;
; design_alu:dut|LCD:LCD|Datas[8][2]      ; Merged with design_alu:dut|LCD:LCD|Datas[8][0]  ;
; design_alu:dut|LCD:LCD|Datas[8][3]      ; Merged with design_alu:dut|LCD:LCD|Datas[8][0]  ;
; Total Number of Removed Registers = 191 ;                                                 ;
+-----------------------------------------+-------------------------------------------------+


+------------------------------------------------------+
; General Register Statistics                          ;
+----------------------------------------------+-------+
; Statistic                                    ; Value ;
+----------------------------------------------+-------+
; Total registers                              ; 174   ;
; Number of registers using Synchronous Clear  ; 32    ;
; Number of registers using Synchronous Load   ; 8     ;
; Number of registers using Asynchronous Clear ; 0     ;
; Number of registers using Asynchronous Load  ; 0     ;
; Number of registers using Clock Enable       ; 8     ;
; Number of registers using Preset             ; 0     ;
+----------------------------------------------+-------+


+--------------------------------------------------+
; Inverted Register Statistics                     ;
+----------------------------------------+---------+
; Inverted Register                      ; Fan out ;
+----------------------------------------+---------+
; design_alu:dut|LCD:LCD|j[0]            ; 45      ;
; Total number of inverted registers = 1 ;         ;
+----------------------------------------+---------+


+------------------------------------------------------------------------------------------------------------------------------------------------------------------------+
; Multiplexer Restructuring Statistics (Restructuring Performed)                                                                                                         ;
+--------------------+-----------+---------------+----------------------+------------------------+------------+----------------------------------------------------------+
; Multiplexer Inputs ; Bus Width ; Baseline Area ; Area if Restructured ; Saving if Restructured ; Registered ; Example Multiplexer Output                               ;
+--------------------+-----------+---------------+----------------------+------------------------+------------+----------------------------------------------------------+
; 3:1                ; 32 bits   ; 64 LEs        ; 32 LEs               ; 32 LEs                 ; Yes        ; |wrapper_alu|design_alu:dut|LCD:LCD|i[19]                ;
; 5:1                ; 31 bits   ; 93 LEs        ; 31 LEs               ; 62 LEs                 ; Yes        ; |wrapper_alu|design_alu:dut|LCD:LCD|j[28]                ;
; 128:1              ; 4 bits    ; 340 LEs       ; 76 LEs               ; 264 LEs                ; Yes        ; |wrapper_alu|design_alu:dut|LCD:LCD|data_lcd[4]          ;
; 3:1                ; 2 bits    ; 4 LEs         ; 4 LEs                ; 0 LEs                  ; No         ; |wrapper_alu|design_alu:dut|alu:alu0|multi:multi0|Mux15  ;
; 4:1                ; 32 bits   ; 64 LEs        ; 32 LEs               ; 32 LEs                 ; No         ; |wrapper_alu|design_alu:dut|LCD:LCD|j                    ;
; 4:1                ; 2 bits    ; 4 LEs         ; 4 LEs                ; 0 LEs                  ; No         ; |wrapper_alu|design_alu:dut|alu:alu0|multi:multi0|Mux182 ;
; 4:1                ; 2 bits    ; 4 LEs         ; 4 LEs                ; 0 LEs                  ; No         ; |wrapper_alu|design_alu:dut|alu:alu0|multi:multi0|Mux145 ;
; 4:1                ; 2 bits    ; 4 LEs         ; 4 LEs                ; 0 LEs                  ; No         ; |wrapper_alu|design_alu:dut|alu:alu0|multi:multi0|Mux90  ;
; 4:1                ; 2 bits    ; 4 LEs         ; 4 LEs                ; 0 LEs                  ; No         ; |wrapper_alu|design_alu:dut|alu:alu0|multi:multi0|Mux32  ;
; 4:1                ; 13 bits   ; 26 LEs        ; 26 LEs               ; 0 LEs                  ; No         ; |wrapper_alu|design_alu:dut|alu:alu0|multi:multi0|Mux20  ;
; 6:1                ; 15 bits   ; 60 LEs        ; 45 LEs               ; 15 LEs                 ; No         ; |wrapper_alu|design_alu:dut|alu:alu0|multi:multi0|Mux188 ;
; 6:1                ; 14 bits   ; 56 LEs        ; 42 LEs               ; 14 LEs                 ; No         ; |wrapper_alu|design_alu:dut|alu:alu0|multi:multi0|Mux159 ;
; 6:1                ; 14 bits   ; 56 LEs        ; 42 LEs               ; 14 LEs                 ; No         ; |wrapper_alu|design_alu:dut|alu:alu0|multi:multi0|Mux113 ;
; 6:1                ; 14 bits   ; 56 LEs        ; 42 LEs               ; 14 LEs                 ; No         ; |wrapper_alu|design_alu:dut|alu:alu0|multi:multi0|Mux50  ;
; 10:1               ; 11 bits   ; 66 LEs        ; 33 LEs               ; 33 LEs                 ; No         ; |wrapper_alu|design_alu:dut|alu:alu0|Mux18               ;
; 10:1               ; 4 bits    ; 24 LEs        ; 16 LEs               ; 8 LEs                  ; No         ; |wrapper_alu|design_alu:dut|alu:alu0|Mux29               ;
; 8:1                ; 14 bits   ; 70 LEs        ; 42 LEs               ; 28 LEs                 ; No         ; |wrapper_alu|design_alu:dut|alu:alu0|multi:multi0|Mux178 ;
; 8:1                ; 14 bits   ; 70 LEs        ; 42 LEs               ; 28 LEs                 ; No         ; |wrapper_alu|design_alu:dut|alu:alu0|multi:multi0|Mux127 ;
; 8:1                ; 14 bits   ; 70 LEs        ; 42 LEs               ; 28 LEs                 ; No         ; |wrapper_alu|design_alu:dut|alu:alu0|multi:multi0|Mux86  ;
; 21:1               ; 2 bits    ; 28 LEs        ; 18 LEs               ; 10 LEs                 ; No         ; |wrapper_alu|design_alu:dut|alu:alu0|Mux8                ;
; 21:1               ; 2 bits    ; 28 LEs        ; 20 LEs               ; 8 LEs                  ; No         ; |wrapper_alu|design_alu:dut|alu:alu0|Mux11               ;
; 21:1               ; 4 bits    ; 56 LEs        ; 36 LEs               ; 20 LEs                 ; No         ; |wrapper_alu|design_alu:dut|alu:alu0|Mux4                ;
; 22:1               ; 2 bits    ; 28 LEs        ; 20 LEs               ; 8 LEs                  ; No         ; |wrapper_alu|design_alu:dut|alu:alu0|Mux13               ;
; 22:1               ; 2 bits    ; 28 LEs        ; 20 LEs               ; 8 LEs                  ; No         ; |wrapper_alu|design_alu:dut|alu:alu0|Mux3                ;
; 23:1               ; 2 bits    ; 30 LEs        ; 20 LEs               ; 10 LEs                 ; No         ; |wrapper_alu|design_alu:dut|alu:alu0|Mux1                ;
; 12:1               ; 9 bits    ; 72 LEs        ; 63 LEs               ; 9 LEs                  ; No         ; |wrapper_alu|design_alu:dut|bin2dec:bin2dec0|y           ;
; 12:1               ; 10 bits   ; 80 LEs        ; 70 LEs               ; 10 LEs                 ; No         ; |wrapper_alu|design_alu:dut|bin2dec:bin2dec0|y           ;
; 12:1               ; 11 bits   ; 88 LEs        ; 77 LEs               ; 11 LEs                 ; No         ; |wrapper_alu|design_alu:dut|bin2dec:bin2dec0|y           ;
; 12:1               ; 4 bits    ; 32 LEs        ; 28 LEs               ; 4 LEs                  ; No         ; |wrapper_alu|design_alu:dut|bin2dec:bin2dec0|dec_o[0][6] ;
; 12:1               ; 9 bits    ; 72 LEs        ; 63 LEs               ; 9 LEs                  ; No         ; |wrapper_alu|design_alu:dut|bin2dec:bin2dec2|y           ;
; 12:1               ; 10 bits   ; 80 LEs        ; 70 LEs               ; 10 LEs                 ; No         ; |wrapper_alu|design_alu:dut|bin2dec:bin2dec2|y           ;
; 12:1               ; 11 bits   ; 88 LEs        ; 77 LEs               ; 11 LEs                 ; No         ; |wrapper_alu|design_alu:dut|bin2dec:bin2dec2|y           ;
; 12:1               ; 4 bits    ; 32 LEs        ; 28 LEs               ; 4 LEs                  ; No         ; |wrapper_alu|design_alu:dut|bin2dec:bin2dec2|dec_o[0][7] ;
; 12:1               ; 9 bits    ; 72 LEs        ; 63 LEs               ; 9 LEs                  ; No         ; |wrapper_alu|design_alu:dut|bin2dec:bin2dec1|y           ;
; 12:1               ; 10 bits   ; 80 LEs        ; 70 LEs               ; 10 LEs                 ; No         ; |wrapper_alu|design_alu:dut|bin2dec:bin2dec1|y           ;
; 12:1               ; 11 bits   ; 88 LEs        ; 77 LEs               ; 11 LEs                 ; No         ; |wrapper_alu|design_alu:dut|bin2dec:bin2dec1|y           ;
; 12:1               ; 4 bits    ; 32 LEs        ; 28 LEs               ; 4 LEs                  ; No         ; |wrapper_alu|design_alu:dut|bin2dec:bin2dec1|dec_o[0][4] ;
; 12:1               ; 9 bits    ; 72 LEs        ; 63 LEs               ; 9 LEs                  ; No         ; |wrapper_alu|design_alu:dut|bin2dec:bin2dec3|y           ;
; 12:1               ; 10 bits   ; 80 LEs        ; 70 LEs               ; 10 LEs                 ; No         ; |wrapper_alu|design_alu:dut|bin2dec:bin2dec3|y           ;
; 12:1               ; 11 bits   ; 88 LEs        ; 77 LEs               ; 11 LEs                 ; No         ; |wrapper_alu|design_alu:dut|bin2dec:bin2dec3|y           ;
; 12:1               ; 4 bits    ; 32 LEs        ; 28 LEs               ; 4 LEs                  ; No         ; |wrapper_alu|design_alu:dut|bin2dec:bin2dec3|dec_o[0][5] ;
+--------------------+-----------+---------------+----------------------+------------------------+------------+----------------------------------------------------------+


+----------------------------------------------------------------------------------------------------------------------------+
; Port Connectivity Checks: "design_alu:dut|alu:alu0|sqrt:sqrt"                                                              ;
+------------------+--------+----------+-------------------------------------------------------------------------------------+
; Port             ; Type   ; Severity ; Details                                                                             ;
+------------------+--------+----------+-------------------------------------------------------------------------------------+
; result_o[31..21] ; Output ; Info     ; Connected to dangling logic. Logic that only feeds a dangling port will be removed. ;
+------------------+--------+----------+-------------------------------------------------------------------------------------+


+-------------------------------+
; Elapsed Time Per Partition    ;
+----------------+--------------+
; Partition Name ; Elapsed Time ;
+----------------+--------------+
; Top            ; 00:00:32     ;
+----------------+--------------+


+-------------------------------+
; Analysis & Synthesis Messages ;
+-------------------------------+
Info: *******************************************************************
Info: Running Quartus II 64-Bit Analysis & Synthesis
    Info: Version 13.0.1 Build 232 06/12/2013 Service Pack 1 SJ Web Edition
    Info: Processing started: Tue May 30 23:39:03 2023
Info: Command: quartus_map --read_settings_files=on --write_settings_files=off wrapper_alu -c wrapper_alu
Warning (20028): Parallel compilation is not licensed and has been disabled
Info (12021): Found 1 design units, including 1 entities, in source file lcd.sv
    Info (12023): Found entity 1: LCD
Info (12021): Found 1 design units, including 1 entities, in source file bin2dec.sv
    Info (12023): Found entity 1: bin2dec
Info (12021): Found 1 design units, including 1 entities, in source file /hoctap/da_1/alu_dut/sqrt.sv
    Info (12023): Found entity 1: sqrt
Info (12021): Found 1 design units, including 1 entities, in source file /hoctap/da_1/alu_dut/multi.sv
    Info (12023): Found entity 1: multi
Info (12021): Found 1 design units, including 1 entities, in source file /hoctap/da_1/alu_dut/log_e.sv
    Info (12023): Found entity 1: log_e
Warning (12090): Entity "divide" obtained from "../ALU_dut/divide.sv" instead of from Quartus II megafunction library
Info (12021): Found 1 design units, including 1 entities, in source file /hoctap/da_1/alu_dut/divide.sv
    Info (12023): Found entity 1: divide
Info (12021): Found 1 design units, including 1 entities, in source file /hoctap/da_1/alu_dut/alu.sv
    Info (12023): Found entity 1: alu
Info (12021): Found 1 design units, including 1 entities, in source file design_alu.sv
    Info (12023): Found entity 1: design_alu
Info (12021): Found 1 design units, including 1 entities, in source file wrapper_alu.sv
    Info (12023): Found entity 1: wrapper_alu
Info (12127): Elaborating entity "wrapper_alu" for the top level hierarchy
Info (12128): Elaborating entity "design_alu" for hierarchy "design_alu:dut"
Warning (10240): Verilog HDL Always Construct warning at design_alu.sv(17): inferring latch(es) for variable "A", which holds its previous value in one or more paths through the always construct
Warning (10240): Verilog HDL Always Construct warning at design_alu.sv(17): inferring latch(es) for variable "B", which holds its previous value in one or more paths through the always construct
Warning (10240): Verilog HDL Always Construct warning at design_alu.sv(17): inferring latch(es) for variable "C", which holds its previous value in one or more paths through the always construct
Info (10041): Inferred latch for "C[0]" at design_alu.sv(17)
Info (10041): Inferred latch for "C[1]" at design_alu.sv(17)
Info (10041): Inferred latch for "C[2]" at design_alu.sv(17)
Info (10041): Inferred latch for "C[3]" at design_alu.sv(17)
Info (10041): Inferred latch for "B[0]" at design_alu.sv(17)
Info (10041): Inferred latch for "B[1]" at design_alu.sv(17)
Info (10041): Inferred latch for "B[2]" at design_alu.sv(17)
Info (10041): Inferred latch for "B[3]" at design_alu.sv(17)
Info (10041): Inferred latch for "B[4]" at design_alu.sv(17)
Info (10041): Inferred latch for "B[5]" at design_alu.sv(17)
Info (10041): Inferred latch for "B[6]" at design_alu.sv(17)
Info (10041): Inferred latch for "B[7]" at design_alu.sv(17)
Info (10041): Inferred latch for "B[8]" at design_alu.sv(17)
Info (10041): Inferred latch for "B[9]" at design_alu.sv(17)
Info (10041): Inferred latch for "B[10]" at design_alu.sv(17)
Info (10041): Inferred latch for "B[11]" at design_alu.sv(17)
Info (10041): Inferred latch for "B[12]" at design_alu.sv(17)
Info (10041): Inferred latch for "B[13]" at design_alu.sv(17)
Info (10041): Inferred latch for "B[14]" at design_alu.sv(17)
Info (10041): Inferred latch for "B[15]" at design_alu.sv(17)
Info (10041): Inferred latch for "A[0]" at design_alu.sv(17)
Info (10041): Inferred latch for "A[1]" at design_alu.sv(17)
Info (10041): Inferred latch for "A[2]" at design_alu.sv(17)
Info (10041): Inferred latch for "A[3]" at design_alu.sv(17)
Info (10041): Inferred latch for "A[4]" at design_alu.sv(17)
Info (10041): Inferred latch for "A[5]" at design_alu.sv(17)
Info (10041): Inferred latch for "A[6]" at design_alu.sv(17)
Info (10041): Inferred latch for "A[7]" at design_alu.sv(17)
Info (10041): Inferred latch for "A[8]" at design_alu.sv(17)
Info (10041): Inferred latch for "A[9]" at design_alu.sv(17)
Info (10041): Inferred latch for "A[10]" at design_alu.sv(17)
Info (10041): Inferred latch for "A[11]" at design_alu.sv(17)
Info (10041): Inferred latch for "A[12]" at design_alu.sv(17)
Info (10041): Inferred latch for "A[13]" at design_alu.sv(17)
Info (10041): Inferred latch for "A[14]" at design_alu.sv(17)
Info (10041): Inferred latch for "A[15]" at design_alu.sv(17)
Info (12128): Elaborating entity "alu" for hierarchy "design_alu:dut|alu:alu0"
Info (12128): Elaborating entity "multi" for hierarchy "design_alu:dut|alu:alu0|multi:multi0"
Info (12128): Elaborating entity "divide" for hierarchy "design_alu:dut|alu:alu0|divide:divide0"
Warning (10240): Verilog HDL Always Construct warning at divide.sv(11): inferring latch(es) for variable "Quo", which holds its previous value in one or more paths through the always construct
Warning (10240): Verilog HDL Always Construct warning at divide.sv(11): inferring latch(es) for variable "Rem", which holds its previous value in one or more paths through the always construct
Info (10041): Inferred latch for "Rem[0]" at divide.sv(53)
Info (10041): Inferred latch for "Rem[1]" at divide.sv(53)
Info (10041): Inferred latch for "Rem[2]" at divide.sv(53)
Info (10041): Inferred latch for "Rem[3]" at divide.sv(53)
Info (10041): Inferred latch for "Rem[4]" at divide.sv(53)
Info (10041): Inferred latch for "Rem[5]" at divide.sv(53)
Info (10041): Inferred latch for "Rem[6]" at divide.sv(53)
Info (10041): Inferred latch for "Rem[7]" at divide.sv(53)
Info (10041): Inferred latch for "Rem[8]" at divide.sv(53)
Info (10041): Inferred latch for "Rem[9]" at divide.sv(53)
Info (10041): Inferred latch for "Rem[10]" at divide.sv(53)
Info (10041): Inferred latch for "Rem[11]" at divide.sv(53)
Info (10041): Inferred latch for "Rem[12]" at divide.sv(53)
Info (10041): Inferred latch for "Rem[13]" at divide.sv(53)
Info (10041): Inferred latch for "Rem[14]" at divide.sv(53)
Info (10041): Inferred latch for "Rem[15]" at divide.sv(53)
Info (10041): Inferred latch for "Quo[0]" at divide.sv(53)
Info (10041): Inferred latch for "Quo[1]" at divide.sv(53)
Info (10041): Inferred latch for "Quo[2]" at divide.sv(53)
Info (10041): Inferred latch for "Quo[3]" at divide.sv(53)
Info (10041): Inferred latch for "Quo[4]" at divide.sv(53)
Info (10041): Inferred latch for "Quo[5]" at divide.sv(53)
Info (10041): Inferred latch for "Quo[6]" at divide.sv(53)
Info (10041): Inferred latch for "Quo[7]" at divide.sv(53)
Info (10041): Inferred latch for "Quo[8]" at divide.sv(53)
Info (10041): Inferred latch for "Quo[9]" at divide.sv(53)
Info (10041): Inferred latch for "Quo[10]" at divide.sv(53)
Info (10041): Inferred latch for "Quo[11]" at divide.sv(53)
Info (10041): Inferred latch for "Quo[12]" at divide.sv(53)
Info (10041): Inferred latch for "Quo[13]" at divide.sv(53)
Info (10041): Inferred latch for "Quo[14]" at divide.sv(53)
Info (10041): Inferred latch for "Quo[15]" at divide.sv(53)
Info (12128): Elaborating entity "log_e" for hierarchy "design_alu:dut|alu:alu0|log_e:log_e0"
Info (12128): Elaborating entity "sqrt" for hierarchy "design_alu:dut|alu:alu0|sqrt:sqrt"
Warning (10230): Verilog HDL assignment warning at sqrt.sv(16): truncated value with size 46 to match size of target (22)
Info (12128): Elaborating entity "bin2dec" for hierarchy "design_alu:dut|bin2dec:bin2dec0"
Warning (10230): Verilog HDL assignment warning at bin2dec.sv(20): truncated value with size 32 to match size of target (16)
Warning (10230): Verilog HDL assignment warning at bin2dec.sv(21): truncated value with size 32 to match size of target (4)
Warning (10230): Verilog HDL assignment warning at bin2dec.sv(31): truncated value with size 32 to match size of target (16)
Warning (10230): Verilog HDL assignment warning at bin2dec.sv(32): truncated value with size 32 to match size of target (4)
Warning (10230): Verilog HDL assignment warning at bin2dec.sv(42): truncated value with size 32 to match size of target (16)
Warning (10230): Verilog HDL assignment warning at bin2dec.sv(43): truncated value with size 32 to match size of target (4)
Warning (10230): Verilog HDL assignment warning at bin2dec.sv(53): truncated value with size 32 to match size of target (16)
Warning (10230): Verilog HDL assignment warning at bin2dec.sv(54): truncated value with size 32 to match size of target (4)
Warning (10230): Verilog HDL assignment warning at bin2dec.sv(58): truncated value with size 16 to match size of target (8)
Warning (10230): Verilog HDL assignment warning at bin2dec.sv(62): truncated value with size 16 to match size of target (8)
Info (12128): Elaborating entity "LCD" for hierarchy "design_alu:dut|LCD:LCD"
Warning (14026): LATCH primitive "design_alu:dut|alu:alu0|divide:divide0|Quo[15]" is permanently enabled
Warning (14026): LATCH primitive "design_alu:dut|alu:alu0|divide:divide0|Quo[0]" is permanently enabled
Warning (14026): LATCH primitive "design_alu:dut|alu:alu0|divide:divide0|Quo[2]" is permanently enabled
Warning (14026): LATCH primitive "design_alu:dut|alu:alu0|divide:divide0|Quo[1]" is permanently enabled
Warning (14026): LATCH primitive "design_alu:dut|alu:alu0|divide:divide0|Quo[4]" is permanently enabled
Warning (14026): LATCH primitive "design_alu:dut|alu:alu0|divide:divide0|Quo[3]" is permanently enabled
Warning (14026): LATCH primitive "design_alu:dut|alu:alu0|divide:divide0|Quo[5]" is permanently enabled
Warning (14026): LATCH primitive "design_alu:dut|alu:alu0|divide:divide0|Quo[6]" is permanently enabled
Warning (14026): LATCH primitive "design_alu:dut|alu:alu0|divide:divide0|Quo[7]" is permanently enabled
Warning (14026): LATCH primitive "design_alu:dut|alu:alu0|divide:divide0|Quo[8]" is permanently enabled
Warning (14026): LATCH primitive "design_alu:dut|alu:alu0|divide:divide0|Quo[9]" is permanently enabled
Warning (14026): LATCH primitive "design_alu:dut|alu:alu0|divide:divide0|Quo[10]" is permanently enabled
Warning (14026): LATCH primitive "design_alu:dut|alu:alu0|divide:divide0|Quo[11]" is permanently enabled
Warning (14026): LATCH primitive "design_alu:dut|alu:alu0|divide:divide0|Quo[12]" is permanently enabled
Warning (14026): LATCH primitive "design_alu:dut|alu:alu0|divide:divide0|Quo[13]" is permanently enabled
Warning (14026): LATCH primitive "design_alu:dut|alu:alu0|divide:divide0|Quo[14]" is permanently enabled
Warning (14026): LATCH primitive "design_alu:dut|alu:alu0|divide:divide0|Rem[15]" is permanently enabled
Warning (14026): LATCH primitive "design_alu:dut|alu:alu0|divide:divide0|Rem[2]" is permanently enabled
Warning (14026): LATCH primitive "design_alu:dut|alu:alu0|divide:divide0|Rem[1]" is permanently enabled
Warning (14026): LATCH primitive "design_alu:dut|alu:alu0|divide:divide0|Rem[0]" is permanently enabled
Warning (14026): LATCH primitive "design_alu:dut|alu:alu0|divide:divide0|Rem[4]" is permanently enabled
Warning (14026): LATCH primitive "design_alu:dut|alu:alu0|divide:divide0|Rem[3]" is permanently enabled
Warning (14026): LATCH primitive "design_alu:dut|alu:alu0|divide:divide0|Rem[5]" is permanently enabled
Warning (14026): LATCH primitive "design_alu:dut|alu:alu0|divide:divide0|Rem[6]" is permanently enabled
Warning (14026): LATCH primitive "design_alu:dut|alu:alu0|divide:divide0|Rem[7]" is permanently enabled
Warning (14026): LATCH primitive "design_alu:dut|alu:alu0|divide:divide0|Rem[8]" is permanently enabled
Warning (14026): LATCH primitive "design_alu:dut|alu:alu0|divide:divide0|Rem[9]" is permanently enabled
Warning (14026): LATCH primitive "design_alu:dut|alu:alu0|divide:divide0|Rem[10]" is permanently enabled
Warning (14026): LATCH primitive "design_alu:dut|alu:alu0|divide:divide0|Rem[11]" is permanently enabled
Warning (14026): LATCH primitive "design_alu:dut|alu:alu0|divide:divide0|Rem[12]" is permanently enabled
Warning (14026): LATCH primitive "design_alu:dut|alu:alu0|divide:divide0|Rem[13]" is permanently enabled
Warning (14026): LATCH primitive "design_alu:dut|alu:alu0|divide:divide0|Rem[14]" is permanently enabled
Warning (13024): Output pins are stuck at VCC or GND
    Warning (13410): Pin "LCD_ON" is stuck at VCC
    Warning (13410): Pin "LCD_BLON" is stuck at VCC
    Warning (13410): Pin "LCD_RW" is stuck at GND
Info (16010): Generating hard_block partition "hard_block:auto_generated_inst"
    Info (16011): Adding 0 node(s), including 0 DDIO, 0 PLL, 0 transceiver and 0 LCELL
Info (21057): Implemented 7727 device resources after synthesis - the final resource count might be different
    Info (21058): Implemented 21 input pins
    Info (21059): Implemented 13 output pins
    Info (21061): Implemented 7693 logic cells
Info: Quartus II 64-Bit Analysis & Synthesis was successful. 0 errors, 54 warnings
    Info: Peak virtual memory: 4632 megabytes
    Info: Processing ended: Tue May 30 23:39:39 2023
    Info: Elapsed time: 00:00:36
    Info: Total CPU time (on all processors): 00:00:26


